<?xml version="1.0" encoding="UTF-8"?>
<!-- Generated by org.testng.reporters.JUnitXMLReporter -->
<testsuite ignored="0" hostname="Guruprasad" failures="0" tests="3" name="Default test" time="39.738" errors="0" timestamp="2026-01-25T07:46:35 IST">
  <testcase classname="tests.testcases.SampleTest" name="verifyAmazonSearch" time="7.305"/>
  <testcase classname="tests.testcases.SampleTest" name="verifyAmazonSearch" time="9.263"/>
  <testcase classname="tests.testcases.SampleTest" name="verifyAmazonSearch" time="11.79"/>
</testsuite> <!-- Default test -->
