<?xml version="1.0" encoding="UTF-8"?>
<!-- Generated by org.testng.reporters.JUnitXMLReporter -->
<testsuite ignored="0" hostname="Guruprasad" failures="0" tests="3" name="Default test" time="66.503" errors="0" timestamp="2026-01-26T08:02:46 IST">
  <testcase classname="tests.testcases.SampleTest" name="verifyAmazonSearch" time="15.41"/>
  <testcase classname="tests.testcases.SampleTest" name="verifyAmazonSearch" time="13.942"/>
  <testcase classname="tests.testcases.SampleTest" name="verifyAmazonSearch" time="22.706"/>
</testsuite> <!-- Default test -->
