<?xml version="1.0" encoding="UTF-8"?>
<testng-results ignored="0" total="1" passed="1" failed="0" skipped="0">
  <reporter-output>
  </reporter-output>
  <suite started-at="2026-01-20T12:20:15 IST" name="Default suite" finished-at="2026-01-20T12:20:20 IST" duration-ms="4231">
    <groups>
    </groups>
    <test started-at="2026-01-20T12:20:15 IST" name="Default test" finished-at="2026-01-20T12:20:20 IST" duration-ms="4231">
      <class name="tests.testcases.SampleTest">
        <test-method is-config="true" signature="setUp()[pri:0, instance:tests.testcases.SampleTest@36fc695d]" started-at="2026-01-20T12:20:15 IST" name="setUp" finished-at="2026-01-20T12:20:18 IST" duration-ms="2867" status="PASS">
          <reporter-output>
          </reporter-output>
        </test-method> <!-- setUp -->
        <test-method signature="googleSearchTest()[pri:0, instance:tests.testcases.SampleTest@36fc695d]" started-at="2026-01-20T12:20:18 IST" name="googleSearchTest" finished-at="2026-01-20T12:20:19 IST" duration-ms="1167" status="PASS">
          <reporter-output>
          </reporter-output>
        </test-method> <!-- googleSearchTest -->
        <test-method is-config="true" signature="tearDown()[pri:0, instance:tests.testcases.SampleTest@36fc695d]" started-at="2026-01-20T12:20:19 IST" name="tearDown" finished-at="2026-01-20T12:20:20 IST" duration-ms="152" status="PASS">
          <reporter-output>
          </reporter-output>
        </test-method> <!-- tearDown -->
      </class> <!-- tests.testcases.SampleTest -->
    </test> <!-- Default test -->
  </suite> <!-- Default suite -->
</testng-results>
