<?xml version="1.0" encoding="UTF-8"?>
<testng-results ignored="0" total="3" passed="3" failed="0" skipped="0">
  <reporter-output>
  </reporter-output>
  <suite started-at="2026-01-26T08:01:39 IST" name="Default suite" finished-at="2026-01-26T08:02:46 IST" duration-ms="66503">
    <groups>
    </groups>
    <test started-at="2026-01-26T08:01:39 IST" name="Default test" finished-at="2026-01-26T08:02:46 IST" duration-ms="66503">
      <class name="tests.testcases.SampleTest">
        <test-method is-config="true" signature="setupReport()[pri:0, instance:tests.testcases.SampleTest@15de0b3c]" started-at="2026-01-26T08:01:39 IST" name="setupReport" finished-at="2026-01-26T08:01:39 IST" duration-ms="363" status="PASS">
          <reporter-output>
          </reporter-output>
        </test-method> <!-- setupReport -->
        <test-method is-config="true" signature="setUp(java.lang.reflect.Method)[pri:0, instance:tests.testcases.SampleTest@15de0b3c]" started-at="2026-01-26T08:01:39 IST" name="setUp" finished-at="2026-01-26T08:01:47 IST" duration-ms="7883" status="PASS">
          <params>
            <param index="0">
              <value>
                <![CDATA[public void tests.testcases.SampleTest.verifyAmazonSearch(java.lang.String)]]>
              </value>
            </param>
          </params>
          <reporter-output>
          </reporter-output>
        </test-method> <!-- setUp -->
        <test-method signature="verifyAmazonSearch(java.lang.String)[pri:0, instance:tests.testcases.SampleTest@15de0b3c]" started-at="2026-01-26T08:01:47 IST" name="verifyAmazonSearch" data-provider="searchItem" finished-at="2026-01-26T08:02:03 IST" duration-ms="15410" status="PASS">
          <params>
            <param index="0">
              <value>
                <![CDATA[Mobile]]>
              </value>
            </param>
          </params>
          <reporter-output>
          </reporter-output>
        </test-method> <!-- verifyAmazonSearch -->
        <test-method is-config="true" signature="tearDown(org.testng.ITestResult)[pri:0, instance:tests.testcases.SampleTest@15de0b3c]" started-at="2026-01-26T08:02:03 IST" name="tearDown" finished-at="2026-01-26T08:02:03 IST" duration-ms="334" status="PASS">
          <params>
            <param index="0">
              <value>
                <![CDATA[[TestResult name=verifyAmazonSearch status=SUCCESS method=SampleTest.verifyAmazonSearch(java.lang.String)[pri:0, instance:tests.testcases.SampleTest@15de0b3c] output={null}]]]>
              </value>
            </param>
          </params>
          <reporter-output>
          </reporter-output>
        </test-method> <!-- tearDown -->
        <test-method is-config="true" signature="setUp(java.lang.reflect.Method)[pri:0, instance:tests.testcases.SampleTest@15de0b3c]" started-at="2026-01-26T08:02:03 IST" name="setUp" finished-at="2026-01-26T08:02:06 IST" duration-ms="2816" status="PASS">
          <params>
            <param index="0">
              <value>
                <![CDATA[public void tests.testcases.SampleTest.verifyAmazonSearch(java.lang.String)]]>
              </value>
            </param>
          </params>
          <reporter-output>
          </reporter-output>
        </test-method> <!-- setUp -->
        <test-method signature="verifyAmazonSearch(java.lang.String)[pri:0, instance:tests.testcases.SampleTest@15de0b3c]" started-at="2026-01-26T08:02:06 IST" name="verifyAmazonSearch" data-provider="searchItem" finished-at="2026-01-26T08:02:20 IST" duration-ms="13942" status="PASS">
          <params>
            <param index="0">
              <value>
                <![CDATA[Monitor]]>
              </value>
            </param>
          </params>
          <reporter-output>
          </reporter-output>
        </test-method> <!-- verifyAmazonSearch -->
        <test-method is-config="true" signature="tearDown(org.testng.ITestResult)[pri:0, instance:tests.testcases.SampleTest@15de0b3c]" started-at="2026-01-26T08:02:20 IST" name="tearDown" finished-at="2026-01-26T08:02:20 IST" duration-ms="295" status="PASS">
          <params>
            <param index="0">
              <value>
                <![CDATA[[TestResult name=verifyAmazonSearch status=SUCCESS method=SampleTest.verifyAmazonSearch(java.lang.String)[pri:0, instance:tests.testcases.SampleTest@15de0b3c] output={null}]]]>
              </value>
            </param>
          </params>
          <reporter-output>
          </reporter-output>
        </test-method> <!-- tearDown -->
        <test-method is-config="true" signature="setUp(java.lang.reflect.Method)[pri:0, instance:tests.testcases.SampleTest@15de0b3c]" started-at="2026-01-26T08:02:20 IST" name="setUp" finished-at="2026-01-26T08:02:23 IST" duration-ms="2660" status="PASS">
          <params>
            <param index="0">
              <value>
                <![CDATA[public void tests.testcases.SampleTest.verifyAmazonSearch(java.lang.String)]]>
              </value>
            </param>
          </params>
          <reporter-output>
          </reporter-output>
        </test-method> <!-- setUp -->
        <test-method signature="verifyAmazonSearch(java.lang.String)[pri:0, instance:tests.testcases.SampleTest@15de0b3c]" started-at="2026-01-26T08:02:23 IST" name="verifyAmazonSearch" data-provider="searchItem" finished-at="2026-01-26T08:02:46 IST" duration-ms="22706" status="PASS">
          <params>
            <param index="0">
              <value>
                <![CDATA[Camera]]>
              </value>
            </param>
          </params>
          <reporter-output>
          </reporter-output>
        </test-method> <!-- verifyAmazonSearch -->
        <test-method is-config="true" signature="tearDown(org.testng.ITestResult)[pri:0, instance:tests.testcases.SampleTest@15de0b3c]" started-at="2026-01-26T08:02:46 IST" name="tearDown" finished-at="2026-01-26T08:02:46 IST" duration-ms="377" status="PASS">
          <params>
            <param index="0">
              <value>
                <![CDATA[[TestResult name=verifyAmazonSearch status=SUCCESS method=SampleTest.verifyAmazonSearch(java.lang.String)[pri:0, instance:tests.testcases.SampleTest@15de0b3c] output={null}]]]>
              </value>
            </param>
          </params>
          <reporter-output>
          </reporter-output>
        </test-method> <!-- tearDown -->
        <test-method is-config="true" signature="tearDown()[pri:0, instance:tests.testcases.SampleTest@15de0b3c]" started-at="2026-01-26T08:02:46 IST" name="tearDown" finished-at="2026-01-26T08:02:46 IST" duration-ms="492" status="PASS">
          <reporter-output>
          </reporter-output>
        </test-method> <!-- tearDown -->
      </class> <!-- tests.testcases.SampleTest -->
    </test> <!-- Default test -->
  </suite> <!-- Default suite -->
</testng-results>
