<?xml version="1.0" encoding="UTF-8"?>
<!-- Generated by org.testng.reporters.JUnitReportReporter -->
<testsuite hostname="Guruprasad" failures="0" tests="3" name="tests.testcases.SampleTest" time="66.423" errors="0" timestamp="2026-01-26T08:02:47 IST" skipped="0">
  <testcase classname="tests.testcases.SampleTest" name="verifyAmazonSearch" time="17.053"/>
  <testcase classname="tests.testcases.SampleTest" name="verifyAmazonSearch" time="23.670"/>
  <testcase classname="tests.testcases.SampleTest" name="verifyAmazonSearch" time="25.700"/>
</testsuite> <!-- tests.testcases.SampleTest -->
