<?xml version="1.0" encoding="UTF-8"?>
<!-- Generated by org.testng.reporters.JUnitReportReporter -->
<testsuite hostname="Guruprasad" failures="0" tests="3" name="tests.testcases.SampleTest" time="39.671" errors="0" timestamp="2026-01-25T07:46:35 IST" skipped="0">
  <testcase classname="tests.testcases.SampleTest" name="verifyAmazonSearch" time="10.120"/>
  <testcase classname="tests.testcases.SampleTest" name="verifyAmazonSearch" time="17.918"/>
  <testcase classname="tests.testcases.SampleTest" name="verifyAmazonSearch" time="11.633"/>
</testsuite> <!-- tests.testcases.SampleTest -->
